<?xml version="1.0" encoding="UTF-8"?>
<testng-results ignored="0" total="2" passed="2" failed="0" skipped="0">
  <reporter-output>
  </reporter-output>
  <suite started-at="2024-09-20T11:34:38 IST" name="Master Suite" finished-at="2024-09-20T11:34:51 IST" duration-ms="13407">
    <groups>
      <group name="Master">
        <method signature="TC001_AccountRegistrationTest.verify_acc_registration()[pri:0, instance:testCases.TC001_AccountRegistrationTest@e54303]" name="verify_acc_registration" class="testCases.TC001_AccountRegistrationTest"/>
        <method signature="TC002LoginTest.verify_Login()[pri:0, instance:testCases.TC002LoginTest@2f40e5db]" name="verify_Login" class="testCases.TC002LoginTest"/>
      </group> <!-- Master -->
      <group name="Regression">
        <method signature="TC001_AccountRegistrationTest.verify_acc_registration()[pri:0, instance:testCases.TC001_AccountRegistrationTest@e54303]" name="verify_acc_registration" class="testCases.TC001_AccountRegistrationTest"/>
      </group> <!-- Regression -->
      <group name="sanity">
        <method signature="TC002LoginTest.verify_Login()[pri:0, instance:testCases.TC002LoginTest@2f40e5db]" name="verify_Login" class="testCases.TC002LoginTest"/>
      </group> <!-- sanity -->
    </groups>
    <test started-at="2024-09-20T11:34:38 IST" name="C:/Users/admin/IdeaProjects/OpencartV121HAF/src/test/java/testCases" finished-at="2024-09-20T11:34:51 IST" duration-ms="13407">
      <class name="testCases.TC002LoginTest">
        <test-method is-config="true" signature="setup(java.lang.String,java.lang.String)[pri:0, instance:testCases.TC002LoginTest@2f40e5db]" started-at="2024-09-20T11:34:47 IST" name="setup" finished-at="2024-09-20T11:34:49 IST" duration-ms="2092" status="PASS">
          <params>
            <param index="0">
              <value>
                <![CDATA[Window]]>
              </value>
            </param>
            <param index="1">
              <value>
                <![CDATA[chrome]]>
              </value>
            </param>
          </params>
          <reporter-output>
          </reporter-output>
        </test-method> <!-- setup -->
        <test-method signature="verify_Login()[pri:0, instance:testCases.TC002LoginTest@2f40e5db]" started-at="2024-09-20T11:34:49 IST" name="verify_Login" finished-at="2024-09-20T11:34:51 IST" duration-ms="1834" status="PASS">
          <reporter-output>
          </reporter-output>
        </test-method> <!-- verify_Login -->
        <test-method is-config="true" signature="teardown()[pri:0, instance:testCases.TC002LoginTest@2f40e5db]" started-at="2024-09-20T11:34:51 IST" name="teardown" finished-at="2024-09-20T11:34:51 IST" duration-ms="111" status="PASS">
          <reporter-output>
          </reporter-output>
        </test-method> <!-- teardown -->
      </class> <!-- testCases.TC002LoginTest -->
      <class name="testCases.TC001_AccountRegistrationTest">
        <test-method is-config="true" signature="setup(java.lang.String,java.lang.String)[pri:0, instance:testCases.TC001_AccountRegistrationTest@e54303]" started-at="2024-09-20T11:34:38 IST" name="setup" finished-at="2024-09-20T11:34:43 IST" duration-ms="5185" status="PASS">
          <params>
            <param index="0">
              <value>
                <![CDATA[Window]]>
              </value>
            </param>
            <param index="1">
              <value>
                <![CDATA[chrome]]>
              </value>
            </param>
          </params>
          <reporter-output>
          </reporter-output>
        </test-method> <!-- setup -->
        <test-method signature="verify_acc_registration()[pri:0, instance:testCases.TC001_AccountRegistrationTest@e54303]" started-at="2024-09-20T11:34:43 IST" name="verify_acc_registration" finished-at="2024-09-20T11:34:47 IST" duration-ms="3648" status="PASS">
          <reporter-output>
          </reporter-output>
        </test-method> <!-- verify_acc_registration -->
        <test-method is-config="true" signature="teardown()[pri:0, instance:testCases.TC001_AccountRegistrationTest@e54303]" started-at="2024-09-20T11:34:47 IST" name="teardown" finished-at="2024-09-20T11:34:47 IST" duration-ms="126" status="PASS">
          <reporter-output>
          </reporter-output>
        </test-method> <!-- teardown -->
      </class> <!-- testCases.TC001_AccountRegistrationTest -->
    </test> <!-- C:/Users/admin/IdeaProjects/OpencartV121HAF/src/test/java/testCases -->
  </suite> <!-- Master Suite -->
</testng-results>
